2024-05-25 15:53:25,751 INFO Starting HelloSpringBatchApplication using Java 21-beta with PID 12604 (C:\pleiades\2023-09\workspace\spring-batch\hello-spring-batch\target\classes started by yua48 in C:\pleiades\2023-09\workspace\spring-batch\hello-spring-batch) 
2024-05-25 15:53:25,752 INFO No active profile set, falling back to 1 default profile: "default" 
2024-05-25 15:53:25,992 WARN Bean 'org.springframework.boot.autoconfigure.jdbc.DataSourceConfiguration$Hikari' of type [org.springframework.boot.autoconfigure.jdbc.DataSourceConfiguration$Hikari] is not eligible for getting processed by all BeanPostProcessors (for example: not eligible for auto-proxying). Is this bean getting eagerly injected into a currently created BeanPostProcessor [jobRegistryBeanPostProcessor]? Check the corresponding BeanPostProcessor declaration and its dependencies. 
2024-05-25 15:53:26,007 WARN Bean 'spring.datasource-org.springframework.boot.autoconfigure.jdbc.DataSourceProperties' of type [org.springframework.boot.autoconfigure.jdbc.DataSourceProperties] is not eligible for getting processed by all BeanPostProcessors (for example: not eligible for auto-proxying). Is this bean getting eagerly injected into a currently created BeanPostProcessor [jobRegistryBeanPostProcessor]? Check the corresponding BeanPostProcessor declaration and its dependencies. 
2024-05-25 15:53:26,008 WARN Bean 'org.springframework.boot.autoconfigure.jdbc.DataSourceAutoConfiguration$PooledDataSourceConfiguration' of type [org.springframework.boot.autoconfigure.jdbc.DataSourceAutoConfiguration$PooledDataSourceConfiguration] is not eligible for getting processed by all BeanPostProcessors (for example: not eligible for auto-proxying). Is this bean getting eagerly injected into a currently created BeanPostProcessor [jobRegistryBeanPostProcessor]? Check the corresponding BeanPostProcessor declaration and its dependencies. 
2024-05-25 15:53:26,008 WARN Bean 'jdbcConnectionDetails' of type [org.springframework.boot.autoconfigure.jdbc.PropertiesJdbcConnectionDetails] is not eligible for getting processed by all BeanPostProcessors (for example: not eligible for auto-proxying). Is this bean getting eagerly injected into a currently created BeanPostProcessor [jobRegistryBeanPostProcessor]? Check the corresponding BeanPostProcessor declaration and its dependencies. 
2024-05-25 15:53:26,018 WARN Bean 'dataSource' of type [com.zaxxer.hikari.HikariDataSource] is not eligible for getting processed by all BeanPostProcessors (for example: not eligible for auto-proxying). Is this bean getting eagerly injected into a currently created BeanPostProcessor [jobRegistryBeanPostProcessor]? Check the corresponding BeanPostProcessor declaration and its dependencies. 
2024-05-25 15:53:26,020 WARN Bean 'org.springframework.boot.autoconfigure.jdbc.DataSourceTransactionManagerAutoConfiguration$JdbcTransactionManagerConfiguration' of type [org.springframework.boot.autoconfigure.jdbc.DataSourceTransactionManagerAutoConfiguration$JdbcTransactionManagerConfiguration] is not eligible for getting processed by all BeanPostProcessors (for example: not eligible for auto-proxying). Is this bean getting eagerly injected into a currently created BeanPostProcessor [jobRegistryBeanPostProcessor]? Check the corresponding BeanPostProcessor declaration and its dependencies. 
2024-05-25 15:53:26,022 WARN Bean 'org.springframework.boot.autoconfigure.transaction.TransactionManagerCustomizationAutoConfiguration' of type [org.springframework.boot.autoconfigure.transaction.TransactionManagerCustomizationAutoConfiguration] is not eligible for getting processed by all BeanPostProcessors (for example: not eligible for auto-proxying). Is this bean getting eagerly injected into a currently created BeanPostProcessor [jobRegistryBeanPostProcessor]? Check the corresponding BeanPostProcessor declaration and its dependencies. 
2024-05-25 15:53:26,024 WARN Bean 'transactionExecutionListeners' of type [org.springframework.boot.autoconfigure.transaction.ExecutionListenersTransactionManagerCustomizer] is not eligible for getting processed by all BeanPostProcessors (for example: not eligible for auto-proxying). Is this bean getting eagerly injected into a currently created BeanPostProcessor [jobRegistryBeanPostProcessor]? Check the corresponding BeanPostProcessor declaration and its dependencies. 
2024-05-25 15:53:26,025 WARN Bean 'spring.transaction-org.springframework.boot.autoconfigure.transaction.TransactionProperties' of type [org.springframework.boot.autoconfigure.transaction.TransactionProperties] is not eligible for getting processed by all BeanPostProcessors (for example: not eligible for auto-proxying). Is this bean getting eagerly injected into a currently created BeanPostProcessor [jobRegistryBeanPostProcessor]? Check the corresponding BeanPostProcessor declaration and its dependencies. 
2024-05-25 15:53:26,025 WARN Bean 'platformTransactionManagerCustomizers' of type [org.springframework.boot.autoconfigure.transaction.TransactionManagerCustomizers] is not eligible for getting processed by all BeanPostProcessors (for example: not eligible for auto-proxying). Is this bean getting eagerly injected into a currently created BeanPostProcessor [jobRegistryBeanPostProcessor]? Check the corresponding BeanPostProcessor declaration and its dependencies. 
2024-05-25 15:53:26,027 WARN Bean 'transactionManager' of type [org.springframework.jdbc.support.JdbcTransactionManager] is not eligible for getting processed by all BeanPostProcessors (for example: not eligible for auto-proxying). Is this bean getting eagerly injected into a currently created BeanPostProcessor [jobRegistryBeanPostProcessor]? Check the corresponding BeanPostProcessor declaration and its dependencies. 
2024-05-25 15:53:26,029 WARN Bean 'spring.batch-org.springframework.boot.autoconfigure.batch.BatchProperties' of type [org.springframework.boot.autoconfigure.batch.BatchProperties] is not eligible for getting processed by all BeanPostProcessors (for example: not eligible for auto-proxying). Is this bean getting eagerly injected into a currently created BeanPostProcessor [jobRegistryBeanPostProcessor]? Check the corresponding BeanPostProcessor declaration and its dependencies. 
2024-05-25 15:53:26,032 WARN Bean 'org.springframework.boot.autoconfigure.batch.BatchAutoConfiguration$SpringBootBatchConfiguration' of type [org.springframework.boot.autoconfigure.batch.BatchAutoConfiguration$SpringBootBatchConfiguration] is not eligible for getting processed by all BeanPostProcessors (for example: not eligible for auto-proxying). The currently created BeanPostProcessor [jobRegistryBeanPostProcessor] is declared through a non-static factory method on that class; consider declaring it as static instead. 
2024-05-25 15:53:26,043 INFO HikariPool-1 - Starting... 
2024-05-25 15:53:26,203 INFO HikariPool-1 - Added connection com.mysql.cj.jdbc.ConnectionImpl@6d074b14 
2024-05-25 15:53:26,204 INFO HikariPool-1 - Start completed. 
2024-05-25 15:53:26,329 INFO Started HelloSpringBatchApplication in 0.715 seconds (process running for 1.021) 
2024-05-25 15:53:26,331 INFO Running default command line with: [param1=TEST, param2=1111] 
2024-05-25 15:53:26,370 INFO Job: [SimpleJob: [name=helloJob]] launched with the following parameters: [{'run.id':'{value=10, type=class java.lang.Long, identifying=true}','param1':'{value=TEST, type=class java.lang.String, identifying=true}','param2':'{value=1111, type=class java.lang.String, identifying=true}'}] 
2024-05-25 15:53:26,391 INFO Executing step: [helloTasklet1Step] 
2024-05-25 15:53:26,407 INFO Hello, Tasllet1 !!! 
2024-05-25 15:53:26,407 INFO param1=TEST 
2024-05-25 15:53:26,407 INFO param2=1111 
2024-05-25 15:53:26,411 INFO Step: [helloTasklet1Step] executed in 19ms 
2024-05-25 15:53:26,419 INFO Executing step: [helloTasklet2Step] 
2024-05-25 15:53:26,423 INFO HelloTasklet2!!! 
2024-05-25 15:53:26,423 INFO jobValue1=jobValue1 
2024-05-25 15:53:26,425 INFO Step: [helloTasklet2Step] executed in 6ms 
2024-05-25 15:53:26,431 INFO Job: [SimpleJob: [name=helloJob]] completed with the following parameters: [{'run.id':'{value=10, type=class java.lang.Long, identifying=true}','param1':'{value=TEST, type=class java.lang.String, identifying=true}','param2':'{value=1111, type=class java.lang.String, identifying=true}'}] and the following status: [COMPLETED] in 53ms 
2024-05-25 15:53:26,434 INFO HikariPool-1 - Shutdown initiated... 
2024-05-25 15:53:26,437 INFO HikariPool-1 - Shutdown completed. 
2024-05-25 16:03:50,093 INFO Could not detect default configuration classes for test class [com.udemy.hello.HelloSpringBatchApplicationTests]: HelloSpringBatchApplicationTests does not declare any static, non-private, non-final, nested classes annotated with @Configuration. 
2024-05-25 16:03:50,161 INFO Found @SpringBootConfiguration com.udemy.hello.HelloSpringBatchApplication for test class com.udemy.hello.HelloSpringBatchApplicationTests 
2024-05-25 16:03:50,361 INFO Starting HelloSpringBatchApplicationTests using Java 21-beta with PID 10388 (started by yua48 in C:\pleiades\2023-09\workspace\spring-batch\hello-spring-batch) 
2024-05-25 16:03:50,361 INFO No active profile set, falling back to 1 default profile: "default" 
2024-05-25 16:03:50,682 WARN Bean 'org.springframework.boot.autoconfigure.jdbc.DataSourceConfiguration$Hikari' of type [org.springframework.boot.autoconfigure.jdbc.DataSourceConfiguration$Hikari] is not eligible for getting processed by all BeanPostProcessors (for example: not eligible for auto-proxying). Is this bean getting eagerly injected into a currently created BeanPostProcessor [jobRegistryBeanPostProcessor]? Check the corresponding BeanPostProcessor declaration and its dependencies. 
2024-05-25 16:03:50,703 WARN Bean 'spring.datasource-org.springframework.boot.autoconfigure.jdbc.DataSourceProperties' of type [org.springframework.boot.autoconfigure.jdbc.DataSourceProperties] is not eligible for getting processed by all BeanPostProcessors (for example: not eligible for auto-proxying). Is this bean getting eagerly injected into a currently created BeanPostProcessor [jobRegistryBeanPostProcessor]? Check the corresponding BeanPostProcessor declaration and its dependencies. 
2024-05-25 16:03:50,704 WARN Bean 'org.springframework.boot.autoconfigure.jdbc.DataSourceAutoConfiguration$PooledDataSourceConfiguration' of type [org.springframework.boot.autoconfigure.jdbc.DataSourceAutoConfiguration$PooledDataSourceConfiguration] is not eligible for getting processed by all BeanPostProcessors (for example: not eligible for auto-proxying). Is this bean getting eagerly injected into a currently created BeanPostProcessor [jobRegistryBeanPostProcessor]? Check the corresponding BeanPostProcessor declaration and its dependencies. 
2024-05-25 16:03:50,704 WARN Bean 'jdbcConnectionDetails' of type [org.springframework.boot.autoconfigure.jdbc.PropertiesJdbcConnectionDetails] is not eligible for getting processed by all BeanPostProcessors (for example: not eligible for auto-proxying). Is this bean getting eagerly injected into a currently created BeanPostProcessor [jobRegistryBeanPostProcessor]? Check the corresponding BeanPostProcessor declaration and its dependencies. 
2024-05-25 16:03:50,715 WARN Bean 'dataSource' of type [com.zaxxer.hikari.HikariDataSource] is not eligible for getting processed by all BeanPostProcessors (for example: not eligible for auto-proxying). Is this bean getting eagerly injected into a currently created BeanPostProcessor [jobRegistryBeanPostProcessor]? Check the corresponding BeanPostProcessor declaration and its dependencies. 
2024-05-25 16:03:50,718 WARN Bean 'org.springframework.boot.autoconfigure.jdbc.DataSourceTransactionManagerAutoConfiguration$JdbcTransactionManagerConfiguration' of type [org.springframework.boot.autoconfigure.jdbc.DataSourceTransactionManagerAutoConfiguration$JdbcTransactionManagerConfiguration] is not eligible for getting processed by all BeanPostProcessors (for example: not eligible for auto-proxying). Is this bean getting eagerly injected into a currently created BeanPostProcessor [jobRegistryBeanPostProcessor]? Check the corresponding BeanPostProcessor declaration and its dependencies. 
2024-05-25 16:03:50,722 WARN Bean 'org.springframework.boot.autoconfigure.transaction.TransactionManagerCustomizationAutoConfiguration' of type [org.springframework.boot.autoconfigure.transaction.TransactionManagerCustomizationAutoConfiguration] is not eligible for getting processed by all BeanPostProcessors (for example: not eligible for auto-proxying). Is this bean getting eagerly injected into a currently created BeanPostProcessor [jobRegistryBeanPostProcessor]? Check the corresponding BeanPostProcessor declaration and its dependencies. 
2024-05-25 16:03:50,725 WARN Bean 'transactionExecutionListeners' of type [org.springframework.boot.autoconfigure.transaction.ExecutionListenersTransactionManagerCustomizer] is not eligible for getting processed by all BeanPostProcessors (for example: not eligible for auto-proxying). Is this bean getting eagerly injected into a currently created BeanPostProcessor [jobRegistryBeanPostProcessor]? Check the corresponding BeanPostProcessor declaration and its dependencies. 
2024-05-25 16:03:50,727 WARN Bean 'spring.transaction-org.springframework.boot.autoconfigure.transaction.TransactionProperties' of type [org.springframework.boot.autoconfigure.transaction.TransactionProperties] is not eligible for getting processed by all BeanPostProcessors (for example: not eligible for auto-proxying). Is this bean getting eagerly injected into a currently created BeanPostProcessor [jobRegistryBeanPostProcessor]? Check the corresponding BeanPostProcessor declaration and its dependencies. 
2024-05-25 16:03:50,728 WARN Bean 'platformTransactionManagerCustomizers' of type [org.springframework.boot.autoconfigure.transaction.TransactionManagerCustomizers] is not eligible for getting processed by all BeanPostProcessors (for example: not eligible for auto-proxying). Is this bean getting eagerly injected into a currently created BeanPostProcessor [jobRegistryBeanPostProcessor]? Check the corresponding BeanPostProcessor declaration and its dependencies. 
2024-05-25 16:03:50,732 WARN Bean 'transactionManager' of type [org.springframework.jdbc.support.JdbcTransactionManager] is not eligible for getting processed by all BeanPostProcessors (for example: not eligible for auto-proxying). Is this bean getting eagerly injected into a currently created BeanPostProcessor [jobRegistryBeanPostProcessor]? Check the corresponding BeanPostProcessor declaration and its dependencies. 
2024-05-25 16:03:50,736 WARN Bean 'spring.batch-org.springframework.boot.autoconfigure.batch.BatchProperties' of type [org.springframework.boot.autoconfigure.batch.BatchProperties] is not eligible for getting processed by all BeanPostProcessors (for example: not eligible for auto-proxying). Is this bean getting eagerly injected into a currently created BeanPostProcessor [jobRegistryBeanPostProcessor]? Check the corresponding BeanPostProcessor declaration and its dependencies. 
2024-05-25 16:03:50,739 WARN Bean 'org.springframework.boot.autoconfigure.batch.BatchAutoConfiguration$SpringBootBatchConfiguration' of type [org.springframework.boot.autoconfigure.batch.BatchAutoConfiguration$SpringBootBatchConfiguration] is not eligible for getting processed by all BeanPostProcessors (for example: not eligible for auto-proxying). The currently created BeanPostProcessor [jobRegistryBeanPostProcessor] is declared through a non-static factory method on that class; consider declaring it as static instead. 
2024-05-25 16:03:50,761 INFO HikariPool-1 - Starting... 
2024-05-25 16:03:50,987 INFO HikariPool-1 - Added connection com.mysql.cj.jdbc.ConnectionImpl@1dcedc93 
2024-05-25 16:03:50,988 INFO HikariPool-1 - Start completed. 
2024-05-25 16:03:51,207 INFO Started HelloSpringBatchApplicationTests in 0.971 seconds (process running for 1.645) 
2024-05-25 16:03:51,211 INFO Running default command line with: [] 
2024-05-25 16:03:51,340 INFO Job: [SimpleJob: [name=helloJob]] launched with the following parameters: [{'run.id':'{value=11, type=class java.lang.Long, identifying=true}','param1':'{value=TEST, type=class java.lang.String, identifying=true}','param2':'{value=1111, type=class java.lang.String, identifying=true}'}] 
2024-05-25 16:03:51,362 INFO Executing step: [helloTasklet1Step] 
2024-05-25 16:03:51,385 INFO Hello, Tasllet1 !!! 
2024-05-25 16:03:51,385 INFO param1=TEST 
2024-05-25 16:03:51,385 INFO param2=1111 
2024-05-25 16:03:51,390 INFO Step: [helloTasklet1Step] executed in 28ms 
2024-05-25 16:03:51,400 INFO Executing step: [helloTasklet2Step] 
2024-05-25 16:03:51,405 INFO HelloTasklet2!!! 
2024-05-25 16:03:51,405 INFO jobValue1=jobValue1 
2024-05-25 16:03:51,409 INFO Step: [helloTasklet2Step] executed in 8ms 
2024-05-25 16:03:51,417 INFO Job: [SimpleJob: [name=helloJob]] completed with the following parameters: [{'run.id':'{value=11, type=class java.lang.Long, identifying=true}','param1':'{value=TEST, type=class java.lang.String, identifying=true}','param2':'{value=1111, type=class java.lang.String, identifying=true}'}] and the following status: [COMPLETED] in 64ms 
2024-05-25 16:03:51,890 INFO HikariPool-1 - Shutdown initiated... 
2024-05-25 16:03:51,894 INFO HikariPool-1 - Shutdown completed. 
2024-05-25 16:07:46,943 INFO Starting HelloSpringBatchApplication v0.0.1-SNAPSHOT using Java 21-beta with PID 18832 (C:\pleiades\2023-09\workspace\spring-batch\hello-spring-batch\target\hello-spring-batch-0.0.1-SNAPSHOT.jar started by yua48 in C:\pleiades\2023-09\workspace\spring-batch\hello-spring-batch\target) 
2024-05-25 16:07:46,944 INFO No active profile set, falling back to 1 default profile: "default" 
2024-05-25 16:07:47,323 WARN Bean 'org.springframework.boot.autoconfigure.jdbc.DataSourceConfiguration$Hikari' of type [org.springframework.boot.autoconfigure.jdbc.DataSourceConfiguration$Hikari] is not eligible for getting processed by all BeanPostProcessors (for example: not eligible for auto-proxying). Is this bean getting eagerly injected into a currently created BeanPostProcessor [jobRegistryBeanPostProcessor]? Check the corresponding BeanPostProcessor declaration and its dependencies. 
2024-05-25 16:07:47,347 WARN Bean 'spring.datasource-org.springframework.boot.autoconfigure.jdbc.DataSourceProperties' of type [org.springframework.boot.autoconfigure.jdbc.DataSourceProperties] is not eligible for getting processed by all BeanPostProcessors (for example: not eligible for auto-proxying). Is this bean getting eagerly injected into a currently created BeanPostProcessor [jobRegistryBeanPostProcessor]? Check the corresponding BeanPostProcessor declaration and its dependencies. 
2024-05-25 16:07:47,348 WARN Bean 'org.springframework.boot.autoconfigure.jdbc.DataSourceAutoConfiguration$PooledDataSourceConfiguration' of type [org.springframework.boot.autoconfigure.jdbc.DataSourceAutoConfiguration$PooledDataSourceConfiguration] is not eligible for getting processed by all BeanPostProcessors (for example: not eligible for auto-proxying). Is this bean getting eagerly injected into a currently created BeanPostProcessor [jobRegistryBeanPostProcessor]? Check the corresponding BeanPostProcessor declaration and its dependencies. 
2024-05-25 16:07:47,348 WARN Bean 'jdbcConnectionDetails' of type [org.springframework.boot.autoconfigure.jdbc.PropertiesJdbcConnectionDetails] is not eligible for getting processed by all BeanPostProcessors (for example: not eligible for auto-proxying). Is this bean getting eagerly injected into a currently created BeanPostProcessor [jobRegistryBeanPostProcessor]? Check the corresponding BeanPostProcessor declaration and its dependencies. 
2024-05-25 16:07:47,365 WARN Bean 'dataSource' of type [com.zaxxer.hikari.HikariDataSource] is not eligible for getting processed by all BeanPostProcessors (for example: not eligible for auto-proxying). Is this bean getting eagerly injected into a currently created BeanPostProcessor [jobRegistryBeanPostProcessor]? Check the corresponding BeanPostProcessor declaration and its dependencies. 
2024-05-25 16:07:47,370 WARN Bean 'org.springframework.boot.autoconfigure.jdbc.DataSourceTransactionManagerAutoConfiguration$JdbcTransactionManagerConfiguration' of type [org.springframework.boot.autoconfigure.jdbc.DataSourceTransactionManagerAutoConfiguration$JdbcTransactionManagerConfiguration] is not eligible for getting processed by all BeanPostProcessors (for example: not eligible for auto-proxying). Is this bean getting eagerly injected into a currently created BeanPostProcessor [jobRegistryBeanPostProcessor]? Check the corresponding BeanPostProcessor declaration and its dependencies. 
2024-05-25 16:07:47,374 WARN Bean 'org.springframework.boot.autoconfigure.transaction.TransactionManagerCustomizationAutoConfiguration' of type [org.springframework.boot.autoconfigure.transaction.TransactionManagerCustomizationAutoConfiguration] is not eligible for getting processed by all BeanPostProcessors (for example: not eligible for auto-proxying). Is this bean getting eagerly injected into a currently created BeanPostProcessor [jobRegistryBeanPostProcessor]? Check the corresponding BeanPostProcessor declaration and its dependencies. 
2024-05-25 16:07:47,377 WARN Bean 'transactionExecutionListeners' of type [org.springframework.boot.autoconfigure.transaction.ExecutionListenersTransactionManagerCustomizer] is not eligible for getting processed by all BeanPostProcessors (for example: not eligible for auto-proxying). Is this bean getting eagerly injected into a currently created BeanPostProcessor [jobRegistryBeanPostProcessor]? Check the corresponding BeanPostProcessor declaration and its dependencies. 
2024-05-25 16:07:47,379 WARN Bean 'spring.transaction-org.springframework.boot.autoconfigure.transaction.TransactionProperties' of type [org.springframework.boot.autoconfigure.transaction.TransactionProperties] is not eligible for getting processed by all BeanPostProcessors (for example: not eligible for auto-proxying). Is this bean getting eagerly injected into a currently created BeanPostProcessor [jobRegistryBeanPostProcessor]? Check the corresponding BeanPostProcessor declaration and its dependencies. 
2024-05-25 16:07:47,379 WARN Bean 'platformTransactionManagerCustomizers' of type [org.springframework.boot.autoconfigure.transaction.TransactionManagerCustomizers] is not eligible for getting processed by all BeanPostProcessors (for example: not eligible for auto-proxying). Is this bean getting eagerly injected into a currently created BeanPostProcessor [jobRegistryBeanPostProcessor]? Check the corresponding BeanPostProcessor declaration and its dependencies. 
2024-05-25 16:07:47,383 WARN Bean 'transactionManager' of type [org.springframework.jdbc.support.JdbcTransactionManager] is not eligible for getting processed by all BeanPostProcessors (for example: not eligible for auto-proxying). Is this bean getting eagerly injected into a currently created BeanPostProcessor [jobRegistryBeanPostProcessor]? Check the corresponding BeanPostProcessor declaration and its dependencies. 
2024-05-25 16:07:47,387 WARN Bean 'spring.batch-org.springframework.boot.autoconfigure.batch.BatchProperties' of type [org.springframework.boot.autoconfigure.batch.BatchProperties] is not eligible for getting processed by all BeanPostProcessors (for example: not eligible for auto-proxying). Is this bean getting eagerly injected into a currently created BeanPostProcessor [jobRegistryBeanPostProcessor]? Check the corresponding BeanPostProcessor declaration and its dependencies. 
2024-05-25 16:07:47,394 WARN Bean 'org.springframework.boot.autoconfigure.batch.BatchAutoConfiguration$SpringBootBatchConfiguration' of type [org.springframework.boot.autoconfigure.batch.BatchAutoConfiguration$SpringBootBatchConfiguration] is not eligible for getting processed by all BeanPostProcessors (for example: not eligible for auto-proxying). The currently created BeanPostProcessor [jobRegistryBeanPostProcessor] is declared through a non-static factory method on that class; consider declaring it as static instead. 
2024-05-25 16:07:47,427 INFO HikariPool-1 - Starting... 
2024-05-25 16:07:47,704 INFO HikariPool-1 - Added connection com.mysql.cj.jdbc.ConnectionImpl@5ed4bc 
2024-05-25 16:07:47,706 INFO HikariPool-1 - Start completed. 
2024-05-25 16:07:47,952 INFO Started HelloSpringBatchApplication in 1.203 seconds (process running for 1.692) 
2024-05-25 16:07:47,959 INFO Running default command line with: [param1=PROD, param2=1000] 
2024-05-25 16:07:48,096 INFO Job: [SimpleJob: [name=helloJob]] launched with the following parameters: [{'run.id':'{value=12, type=class java.lang.Long, identifying=true}','param1':'{value=PROD, type=class java.lang.String, identifying=true}','param2':'{value=1000, type=class java.lang.String, identifying=true}'}] 
2024-05-25 16:07:48,131 INFO Executing step: [helloTasklet1Step] 
2024-05-25 16:07:48,159 INFO Hello, Tasllet1 !!! 
2024-05-25 16:07:48,159 INFO param1=PROD 
2024-05-25 16:07:48,159 INFO param2=1000 
2024-05-25 16:07:48,164 INFO Step: [helloTasklet1Step] executed in 32ms 
2024-05-25 16:07:48,174 INFO Executing step: [helloTasklet2Step] 
2024-05-25 16:07:48,180 INFO HelloTasklet2!!! 
2024-05-25 16:07:48,181 INFO jobValue1=jobValue1 
2024-05-25 16:07:48,185 INFO Step: [helloTasklet2Step] executed in 10ms 
2024-05-25 16:07:48,194 INFO Job: [SimpleJob: [name=helloJob]] completed with the following parameters: [{'run.id':'{value=12, type=class java.lang.Long, identifying=true}','param1':'{value=PROD, type=class java.lang.String, identifying=true}','param2':'{value=1000, type=class java.lang.String, identifying=true}'}] and the following status: [COMPLETED] in 74ms 
2024-05-25 16:07:48,198 INFO HikariPool-1 - Shutdown initiated... 
2024-05-25 16:07:48,202 INFO HikariPool-1 - Shutdown completed. 
